<?xml version="1.0" encoding="UTF-8"?>
<!-- Generated by org.testng.reporters.JUnitXMLReporter -->
<testsuite hostname="TRD-408" ignored="0" name="Default test" tests="3" failures="0" timestamp="2020-02-27T16:33:21 IST" time="42.696" errors="0">
  <testcase name="onwardDate" time="4.624" classname="redBus.RedBusTst"/>
  <testcase name="returndDate" time="18.767" classname="redBus.RedBusTst"/>
  <testcase name="modify" time="10.203" classname="redBus.RedBusTst"/>
</testsuite> <!-- Default test -->
