<?xml version="1.0" encoding="UTF-8"?>
<testng-results skipped="0" failed="0" ignored="0" total="3" passed="3">
  <reporter-output>
  </reporter-output>
  <suite name="Default suite" duration-ms="42696" started-at="2020-02-27T16:32:38 IST" finished-at="2020-02-27T16:33:21 IST">
    <groups>
    </groups>
    <test name="Default test" duration-ms="42696" started-at="2020-02-27T16:32:38 IST" finished-at="2020-02-27T16:33:21 IST">
      <class name="redBus.RedBusTst">
        <test-method status="PASS" signature="launchBrowser()[pri:0, instance:redBus.RedBusTst@5b87ed94]" name="launchBrowser" is-config="true" duration-ms="9047" started-at="2020-02-27T16:32:38 IST" finished-at="2020-02-27T16:32:47 IST">
          <reporter-output>
          </reporter-output>
        </test-method> <!-- launchBrowser -->
        <test-method status="PASS" signature="onwardDate()[pri:1, instance:redBus.RedBusTst@5b87ed94]" name="onwardDate" duration-ms="4624" started-at="2020-02-27T16:32:48 IST" finished-at="2020-02-27T16:32:52 IST">
          <reporter-output>
          </reporter-output>
        </test-method> <!-- onwardDate -->
        <test-method status="PASS" signature="returndDate()[pri:2, instance:redBus.RedBusTst@5b87ed94]" name="returndDate" duration-ms="18767" started-at="2020-02-27T16:32:52 IST" finished-at="2020-02-27T16:33:11 IST">
          <reporter-output>
          </reporter-output>
        </test-method> <!-- returndDate -->
        <test-method status="PASS" signature="modify()[pri:3, instance:redBus.RedBusTst@5b87ed94]" name="modify" duration-ms="10203" started-at="2020-02-27T16:33:11 IST" finished-at="2020-02-27T16:33:21 IST">
          <reporter-output>
          </reporter-output>
        </test-method> <!-- modify -->
      </class> <!-- redBus.RedBusTst -->
    </test> <!-- Default test -->
  </suite> <!-- Default suite -->
</testng-results>
